1752866713.000673 client started (27561): version 3.4, socket /tmp/tmux-1000/default, protocol 8
1752866713.000707 on Linux 6.6.87.2-microsoft-standard-WSL2 #1 SMP PREEMPT_DYNAMIC Thu Jun  5 18:30:46 UTC 2025
1752866713.000711 using libevent 2.1.12-stable poll
1752866713.000712 using ncurses 6.4 20240113
1752866713.000726 flags are 0x18010000
1752866713.000738 socket is /tmp/tmux-1000/default
1752866713.000754 trying connect
1752866713.000771 connect failed: Connection refused
1752866713.000780 lock file is /tmp/tmux-1000/default.lock
1752866713.004212 flock succeeded
1752866713.004226 got lock (6)
1752866713.004259 trying connect
1752866713.004276 connect failed: Connection refused
1752866713.004620 add peer 0x57ffe6122d00: 7 ((nil))
1752866713.004948 sending message 100 to peer 0x57ffe6122d00 (4 bytes)
1752866713.004953 sending message 111 to peer 0x57ffe6122d00 (8 bytes)
1752866713.004955 sending message 101 to peer 0x57ffe6122d00 (15 bytes)
1752866713.004957 sending message 109 to peer 0x57ffe6122d00 (4 bytes)
1752866713.004958 sending message 102 to peer 0x57ffe6122d00 (11 bytes)
1752866713.004972 sending message 108 to peer 0x57ffe6122d00 (25 bytes)
1752866713.004974 sending message 112 to peer 0x57ffe6122d00 (58 bytes)
1752866713.004975 sending message 112 to peer 0x57ffe6122d00 (5 bytes)
1752866713.004977 sending message 112 to peer 0x57ffe6122d00 (5 bytes)
1752866713.004978 sending message 112 to peer 0x57ffe6122d00 (6 bytes)
1752866713.004980 sending message 112 to peer 0x57ffe6122d00 (6 bytes)
1752866713.004981 sending message 112 to peer 0x57ffe6122d00 (11 bytes)
1752866713.004982 sending message 112 to peer 0x57ffe6122d00 (10 bytes)
1752866713.004984 sending message 112 to peer 0x57ffe6122d00 (13 bytes)
1752866713.004985 sending message 112 to peer 0x57ffe6122d00 (14 bytes)
1752866713.004987 sending message 112 to peer 0x57ffe6122d00 (19 bytes)
1752866713.004988 sending message 112 to peer 0x57ffe6122d00 (11 bytes)
1752866713.004989 sending message 112 to peer 0x57ffe6122d00 (10 bytes)
1752866713.004991 sending message 112 to peer 0x57ffe6122d00 (15 bytes)
1752866713.004992 sending message 112 to peer 0x57ffe6122d00 (21 bytes)
1752866713.004993 sending message 112 to peer 0x57ffe6122d00 (13 bytes)
1752866713.004995 sending message 112 to peer 0x57ffe6122d00 (7 bytes)
1752866713.004996 sending message 112 to peer 0x57ffe6122d00 (13 bytes)
1752866713.004998 sending message 112 to peer 0x57ffe6122d00 (7 bytes)
1752866713.004999 sending message 112 to peer 0x57ffe6122d00 (13 bytes)
1752866713.005000 sending message 112 to peer 0x57ffe6122d00 (9 bytes)
1752866713.005002 sending message 112 to peer 0x57ffe6122d00 (21 bytes)
1752866713.005003 sending message 112 to peer 0x57ffe6122d00 (13 bytes)
1752866713.005004 sending message 112 to peer 0x57ffe6122d00 (9 bytes)
1752866713.005006 sending message 112 to peer 0x57ffe6122d00 (16 bytes)
1752866713.005007 sending message 112 to peer 0x57ffe6122d00 (13 bytes)
1752866713.005009 sending message 112 to peer 0x57ffe6122d00 (9 bytes)
1752866713.005010 sending message 112 to peer 0x57ffe6122d00 (9 bytes)
1752866713.005011 sending message 112 to peer 0x57ffe6122d00 (12 bytes)
1752866713.005013 sending message 112 to peer 0x57ffe6122d00 (8 bytes)
1752866713.005014 sending message 112 to peer 0x57ffe6122d00 (8 bytes)
1752866713.005015 sending message 112 to peer 0x57ffe6122d00 (13 bytes)
1752866713.005017 sending message 112 to peer 0x57ffe6122d00 (7 bytes)
1752866713.005018 sending message 112 to peer 0x57ffe6122d00 (7 bytes)
1752866713.005020 sending message 112 to peer 0x57ffe6122d00 (9 bytes)
1752866713.005021 sending message 112 to peer 0x57ffe6122d00 (9 bytes)
1752866713.005023 sending message 112 to peer 0x57ffe6122d00 (15 bytes)
1752866713.005024 sending message 112 to peer 0x57ffe6122d00 (13 bytes)
1752866713.005025 sending message 112 to peer 0x57ffe6122d00 (12 bytes)
1752866713.005027 sending message 112 to peer 0x57ffe6122d00 (8 bytes)
1752866713.005028 sending message 112 to peer 0x57ffe6122d00 (14 bytes)
1752866713.005029 sending message 112 to peer 0x57ffe6122d00 (11 bytes)
1752866713.005039 sending message 112 to peer 0x57ffe6122d00 (9 bytes)
1752866713.005041 sending message 112 to peer 0x57ffe6122d00 (10 bytes)
1752866713.005042 sending message 112 to peer 0x57ffe6122d00 (10 bytes)
1752866713.005044 sending message 112 to peer 0x57ffe6122d00 (10 bytes)
1752866713.005045 sending message 112 to peer 0x57ffe6122d00 (10 bytes)
1752866713.005046 sending message 112 to peer 0x57ffe6122d00 (11 bytes)
1752866713.005048 sending message 112 to peer 0x57ffe6122d00 (12 bytes)
1752866713.005049 sending message 112 to peer 0x57ffe6122d00 (12 bytes)
1752866713.005051 sending message 112 to peer 0x57ffe6122d00 (12 bytes)
1752866713.005052 sending message 112 to peer 0x57ffe6122d00 (12 bytes)
1752866713.005053 sending message 112 to peer 0x57ffe6122d00 (12 bytes)
1752866713.005055 sending message 112 to peer 0x57ffe6122d00 (11 bytes)
1752866713.005056 sending message 112 to peer 0x57ffe6122d00 (11 bytes)
1752866713.005057 sending message 112 to peer 0x57ffe6122d00 (12 bytes)
1752866713.005059 sending message 112 to peer 0x57ffe6122d00 (12 bytes)
1752866713.005060 sending message 112 to peer 0x57ffe6122d00 (12 bytes)
1752866713.005062 sending message 112 to peer 0x57ffe6122d00 (12 bytes)
1752866713.005063 sending message 112 to peer 0x57ffe6122d00 (12 bytes)
1752866713.005064 sending message 112 to peer 0x57ffe6122d00 (9 bytes)
1752866713.005066 sending message 112 to peer 0x57ffe6122d00 (12 bytes)
1752866713.005067 sending message 112 to peer 0x57ffe6122d00 (13 bytes)
1752866713.005068 sending message 112 to peer 0x57ffe6122d00 (13 bytes)
1752866713.005070 sending message 112 to peer 0x57ffe6122d00 (13 bytes)
1752866713.005071 sending message 112 to peer 0x57ffe6122d00 (13 bytes)
1752866713.005073 sending message 112 to peer 0x57ffe6122d00 (13 bytes)
1752866713.005074 sending message 112 to peer 0x57ffe6122d00 (8 bytes)
1752866713.005075 sending message 112 to peer 0x57ffe6122d00 (11 bytes)
1752866713.005077 sending message 112 to peer 0x57ffe6122d00 (11 bytes)
1752866713.005078 sending message 112 to peer 0x57ffe6122d00 (11 bytes)
1752866713.005079 sending message 112 to peer 0x57ffe6122d00 (12 bytes)
1752866713.005081 sending message 112 to peer 0x57ffe6122d00 (12 bytes)
1752866713.005082 sending message 112 to peer 0x57ffe6122d00 (12 bytes)
1752866713.005084 sending message 112 to peer 0x57ffe6122d00 (12 bytes)
1752866713.005085 sending message 112 to peer 0x57ffe6122d00 (13 bytes)
1752866713.005086 sending message 112 to peer 0x57ffe6122d00 (13 bytes)
1752866713.005088 sending message 112 to peer 0x57ffe6122d00 (13 bytes)
1752866713.005089 sending message 112 to peer 0x57ffe6122d00 (8 bytes)
1752866713.005090 sending message 112 to peer 0x57ffe6122d00 (13 bytes)
1752866713.005092 sending message 112 to peer 0x57ffe6122d00 (13 bytes)
1752866713.005093 sending message 112 to peer 0x57ffe6122d00 (13 bytes)
1752866713.005095 sending message 112 to peer 0x57ffe6122d00 (13 bytes)
1752866713.005096 sending message 112 to peer 0x57ffe6122d00 (13 bytes)
1752866713.005097 sending message 112 to peer 0x57ffe6122d00 (12 bytes)
1752866713.005099 sending message 112 to peer 0x57ffe6122d00 (12 bytes)
1752866713.005100 sending message 112 to peer 0x57ffe6122d00 (12 bytes)
1752866713.005101 sending message 112 to peer 0x57ffe6122d00 (12 bytes)
1752866713.005103 sending message 112 to peer 0x57ffe6122d00 (13 bytes)
1752866713.005104 sending message 112 to peer 0x57ffe6122d00 (8 bytes)
1752866713.005106 sending message 112 to peer 0x57ffe6122d00 (13 bytes)
1752866713.005107 sending message 112 to peer 0x57ffe6122d00 (13 bytes)
1752866713.005108 sending message 112 to peer 0x57ffe6122d00 (13 bytes)
1752866713.005110 sending message 112 to peer 0x57ffe6122d00 (13 bytes)
1752866713.005111 sending message 112 to peer 0x57ffe6122d00 (13 bytes)
1752866713.005113 sending message 112 to peer 0x57ffe6122d00 (13 bytes)
1752866713.005114 sending message 112 to peer 0x57ffe6122d00 (13 bytes)
1752866713.005115 sending message 112 to peer 0x57ffe6122d00 (12 bytes)
1752866713.005117 sending message 112 to peer 0x57ffe6122d00 (12 bytes)
1752866713.005121 sending message 112 to peer 0x57ffe6122d00 (12 bytes)
1752866713.005122 sending message 112 to peer 0x57ffe6122d00 (8 bytes)
1752866713.005124 sending message 112 to peer 0x57ffe6122d00 (12 bytes)
1752866713.005125 sending message 112 to peer 0x57ffe6122d00 (13 bytes)
1752866713.005127 sending message 112 to peer 0x57ffe6122d00 (13 bytes)
1752866713.005128 sending message 112 to peer 0x57ffe6122d00 (13 bytes)
1752866713.005129 sending message 112 to peer 0x57ffe6122d00 (13 bytes)
1752866713.005131 sending message 112 to peer 0x57ffe6122d00 (13 bytes)
1752866713.005132 sending message 112 to peer 0x57ffe6122d00 (13 bytes)
1752866713.005134 sending message 112 to peer 0x57ffe6122d00 (13 bytes)
1752866713.005135 sending message 112 to peer 0x57ffe6122d00 (13 bytes)
1752866713.005137 sending message 112 to peer 0x57ffe6122d00 (12 bytes)
1752866713.005138 sending message 112 to peer 0x57ffe6122d00 (10 bytes)
1752866713.005139 sending message 112 to peer 0x57ffe6122d00 (12 bytes)
1752866713.005141 sending message 112 to peer 0x57ffe6122d00 (12 bytes)
1752866713.005142 sending message 112 to peer 0x57ffe6122d00 (12 bytes)
1752866713.005144 sending message 112 to peer 0x57ffe6122d00 (13 bytes)
1752866713.005145 sending message 112 to peer 0x57ffe6122d00 (13 bytes)
1752866713.005146 sending message 112 to peer 0x57ffe6122d00 (13 bytes)
1752866713.005148 sending message 112 to peer 0x57ffe6122d00 (13 bytes)
1752866713.005149 sending message 112 to peer 0x57ffe6122d00 (13 bytes)
1752866713.005151 sending message 112 to peer 0x57ffe6122d00 (13 bytes)
1752866713.005152 sending message 112 to peer 0x57ffe6122d00 (13 bytes)
1752866713.005153 sending message 112 to peer 0x57ffe6122d00 (10 bytes)
1752866713.005155 sending message 112 to peer 0x57ffe6122d00 (13 bytes)
1752866713.005156 sending message 112 to peer 0x57ffe6122d00 (12 bytes)
1752866713.005158 sending message 112 to peer 0x57ffe6122d00 (12 bytes)
1752866713.005159 sending message 112 to peer 0x57ffe6122d00 (12 bytes)
1752866713.005160 sending message 112 to peer 0x57ffe6122d00 (10 bytes)
1752866713.005162 sending message 112 to peer 0x57ffe6122d00 (10 bytes)
1752866713.005163 sending message 112 to peer 0x57ffe6122d00 (10 bytes)
1752866713.005164 sending message 112 to peer 0x57ffe6122d00 (12 bytes)
1752866713.005166 sending message 112 to peer 0x57ffe6122d00 (13 bytes)
1752866713.005167 sending message 112 to peer 0x57ffe6122d00 (13 bytes)
1752866713.005169 sending message 112 to peer 0x57ffe6122d00 (13 bytes)
1752866713.005170 sending message 112 to peer 0x57ffe6122d00 (13 bytes)
1752866713.005171 sending message 112 to peer 0x57ffe6122d00 (13 bytes)
1752866713.005173 sending message 112 to peer 0x57ffe6122d00 (10 bytes)
1752866713.005174 sending message 112 to peer 0x57ffe6122d00 (11 bytes)
1752866713.005176 sending message 112 to peer 0x57ffe6122d00 (12 bytes)
1752866713.005177 sending message 112 to peer 0x57ffe6122d00 (12 bytes)
1752866713.005178 sending message 112 to peer 0x57ffe6122d00 (12 bytes)
1752866713.005180 sending message 112 to peer 0x57ffe6122d00 (12 bytes)
1752866713.005181 sending message 112 to peer 0x57ffe6122d00 (12 bytes)
1752866713.005182 sending message 112 to peer 0x57ffe6122d00 (11 bytes)
1752866713.005184 sending message 112 to peer 0x57ffe6122d00 (12 bytes)
1752866713.005185 sending message 112 to peer 0x57ffe6122d00 (12 bytes)
1752866713.005187 sending message 112 to peer 0x57ffe6122d00 (13 bytes)
1752866713.005188 sending message 112 to peer 0x57ffe6122d00 (13 bytes)
1752866713.005189 sending message 112 to peer 0x57ffe6122d00 (13 bytes)
1752866713.005191 sending message 112 to peer 0x57ffe6122d00 (13 bytes)
1752866713.005192 sending message 112 to peer 0x57ffe6122d00 (13 bytes)
1752866713.005194 sending message 112 to peer 0x57ffe6122d00 (10 bytes)
1752866713.005195 sending message 112 to peer 0x57ffe6122d00 (9 bytes)
1752866713.005196 sending message 112 to peer 0x57ffe6122d00 (12 bytes)
1752866713.005198 sending message 112 to peer 0x57ffe6122d00 (13 bytes)
1752866713.005199 sending message 112 to peer 0x57ffe6122d00 (13 bytes)
1752866713.005203 sending message 112 to peer 0x57ffe6122d00 (13 bytes)
1752866713.005204 sending message 112 to peer 0x57ffe6122d00 (13 bytes)
1752866713.005206 sending message 112 to peer 0x57ffe6122d00 (13 bytes)
1752866713.005207 sending message 112 to peer 0x57ffe6122d00 (9 bytes)
1752866713.005209 sending message 112 to peer 0x57ffe6122d00 (12 bytes)
1752866713.005210 sending message 112 to peer 0x57ffe6122d00 (13 bytes)
1752866713.005212 sending message 112 to peer 0x57ffe6122d00 (13 bytes)
1752866713.005213 sending message 112 to peer 0x57ffe6122d00 (13 bytes)
1752866713.005214 sending message 112 to peer 0x57ffe6122d00 (13 bytes)
1752866713.005216 sending message 112 to peer 0x57ffe6122d00 (13 bytes)
1752866713.005217 sending message 112 to peer 0x57ffe6122d00 (11 bytes)
1752866713.005218 sending message 112 to peer 0x57ffe6122d00 (12 bytes)
1752866713.005220 sending message 112 to peer 0x57ffe6122d00 (13 bytes)
1752866713.005221 sending message 112 to peer 0x57ffe6122d00 (13 bytes)
1752866713.005222 sending message 112 to peer 0x57ffe6122d00 (13 bytes)
1752866713.005224 sending message 112 to peer 0x57ffe6122d00 (13 bytes)
1752866713.005225 sending message 112 to peer 0x57ffe6122d00 (13 bytes)
1752866713.005226 sending message 112 to peer 0x57ffe6122d00 (11 bytes)
1752866713.005228 sending message 112 to peer 0x57ffe6122d00 (12 bytes)
1752866713.005229 sending message 112 to peer 0x57ffe6122d00 (12 bytes)
1752866713.005231 sending message 112 to peer 0x57ffe6122d00 (12 bytes)
1752866713.005232 sending message 112 to peer 0x57ffe6122d00 (12 bytes)
1752866713.005234 sending message 112 to peer 0x57ffe6122d00 (12 bytes)
1752866713.005235 sending message 112 to peer 0x57ffe6122d00 (21 bytes)
1752866713.005236 sending message 112 to peer 0x57ffe6122d00 (12 bytes)
1752866713.005238 sending message 112 to peer 0x57ffe6122d00 (9 bytes)
1752866713.005239 sending message 112 to peer 0x57ffe6122d00 (6 bytes)
1752866713.005241 sending message 112 to peer 0x57ffe6122d00 (13 bytes)
1752866713.005242 sending message 112 to peer 0x57ffe6122d00 (10 bytes)
1752866713.005244 sending message 112 to peer 0x57ffe6122d00 (24 bytes)
1752866713.005245 sending message 112 to peer 0x57ffe6122d00 (13 bytes)
1752866713.005247 sending message 112 to peer 0x57ffe6122d00 (9 bytes)
1752866713.005248 sending message 112 to peer 0x57ffe6122d00 (70 bytes)
1752866713.005249 sending message 112 to peer 0x57ffe6122d00 (69 bytes)
1752866713.005251 sending message 112 to peer 0x57ffe6122d00 (12 bytes)
1752866713.005252 sending message 112 to peer 0x57ffe6122d00 (10 bytes)
1752866713.005254 sending message 112 to peer 0x57ffe6122d00 (10 bytes)
1752866713.005255 sending message 112 to peer 0x57ffe6122d00 (24 bytes)
1752866713.005257 sending message 112 to peer 0x57ffe6122d00 (13 bytes)
1752866713.005258 sending message 112 to peer 0x57ffe6122d00 (10 bytes)
1752866713.005260 sending message 112 to peer 0x57ffe6122d00 (10 bytes)
1752866713.005261 sending message 112 to peer 0x57ffe6122d00 (10 bytes)
1752866713.005262 sending message 112 to peer 0x57ffe6122d00 (13 bytes)
1752866713.005264 sending message 112 to peer 0x57ffe6122d00 (15 bytes)
1752866713.005265 sending message 112 to peer 0x57ffe6122d00 (5 bytes)
1752866713.005267 sending message 104 to peer 0x57ffe6122d00 (0 bytes)
1752866713.005269 sending message 110 to peer 0x57ffe6122d00 (0 bytes)
1752866713.005271 sending message 107 to peer 0x57ffe6122d00 (4 bytes)
1752866713.005273 sending message 105 to peer 0x57ffe6122d00 (16 bytes)
1752866713.005274 sending message 105 to peer 0x57ffe6122d00 (61 bytes)
1752866713.005276 sending message 105 to peer 0x57ffe6122d00 (24 bytes)
1752866713.005277 sending message 105 to peer 0x57ffe6122d00 (29 bytes)
1752866713.005279 sending message 105 to peer 0x57ffe6122d00 (48 bytes)
1752866713.005280 sending message 105 to peer 0x57ffe6122d00 (14 bytes)
1752866713.005282 sending message 105 to peer 0x57ffe6122d00 (29 bytes)
1752866713.005283 sending message 105 to peer 0x57ffe6122d00 (14 bytes)
1752866713.005284 sending message 105 to peer 0x57ffe6122d00 (17 bytes)
1752866713.005288 sending message 105 to peer 0x57ffe6122d00 (13 bytes)
1752866713.005290 sending message 105 to peer 0x57ffe6122d00 (35 bytes)
1752866713.005291 sending message 105 to peer 0x57ffe6122d00 (1817 bytes)
1752866713.005300 sending message 105 to peer 0x57ffe6122d00 (26 bytes)
1752866713.005301 sending message 105 to peer 0x57ffe6122d00 (25 bytes)
1752866713.005303 sending message 105 to peer 0x57ffe6122d00 (34 bytes)
1752866713.005304 sending message 105 to peer 0x57ffe6122d00 (20 bytes)
1752866713.005306 sending message 105 to peer 0x57ffe6122d00 (32 bytes)
1752866713.005307 sending message 105 to peer 0x57ffe6122d00 (11 bytes)
1752866713.005309 sending message 105 to peer 0x57ffe6122d00 (11 bytes)
1752866713.005310 sending message 105 to peer 0x57ffe6122d00 (8 bytes)
1752866713.005312 sending message 105 to peer 0x57ffe6122d00 (14 bytes)
1752866713.005313 sending message 105 to peer 0x57ffe6122d00 (32 bytes)
1752866713.005314 sending message 105 to peer 0x57ffe6122d00 (33 bytes)
1752866713.005316 sending message 105 to peer 0x57ffe6122d00 (65 bytes)
1752866713.005317 sending message 105 to peer 0x57ffe6122d00 (488 bytes)
1752866713.005319 sending message 105 to peer 0x57ffe6122d00 (54 bytes)
1752866713.005320 sending message 105 to peer 0x57ffe6122d00 (52 bytes)
1752866713.005322 sending message 105 to peer 0x57ffe6122d00 (16 bytes)
1752866713.005323 sending message 105 to peer 0x57ffe6122d00 (40 bytes)
1752866713.005325 sending message 105 to peer 0x57ffe6122d00 (53 bytes)
1752866713.005326 sending message 105 to peer 0x57ffe6122d00 (16 bytes)
1752866713.005328 sending message 105 to peer 0x57ffe6122d00 (27 bytes)
1752866713.005329 sending message 106 to peer 0x57ffe6122d00 (0 bytes)
1752866713.005362 sending message 200 to peer 0x57ffe6122d00 (4 bytes)
1752866713.005363 client loop enter
1752866713.005375 client_signal: Child exited
1752866713.043831 peer 0x57ffe6122d00 message 207
1752866713.043841 sending message 208 to peer 0x57ffe6122d00 (0 bytes)
1752866715.125365 peer 0x57ffe6122d00 message 203
1752866715.125379 sending message 205 to peer 0x57ffe6122d00 (0 bytes)
1752866715.125836 peer 0x57ffe6122d00 message 204
1752866715.125845 client loop exit
